{"/Users/thoufeeque/projects/social-studio-app/src/lib/core/credential-provider.ts": {"path":"/Users/thoufeeque/projects/social-studio-app/src/lib/core/credential-provider.ts","statementMap":{"0":{"start":{"line":4,"column":15},"end":{"line":11,"column":4}},"1":{"start":{"line":13,"column":2},"end":{"line":18,"column":null}},"2":{"start":{"line":14,"column":4},"end":{"line":18,"column":null}},"3":{"start":{"line":22,"column":2},"end":{"line":26,"column":null}}},"fnMap":{"0":{"name":"getPlatformCredentials","decl":{"start":{"line":3,"column":22},"end":{"line":3,"column":45}},"loc":{"start":{"line":3,"column":79},"end":{"line":26,"column":null}},"line":3}},"branchMap":{"0":{"loc":{"start":{"line":13,"column":2},"end":{"line":18,"column":null}},"type":"if","locations":[{"start":{"line":13,"column":2},"end":{"line":18,"column":null}},{"start":{},"end":{}}],"line":13}},"s":{"0":4,"1":4,"2":0,"3":4},"f":{"0":4},"b":{"0":[0,4]},"meta":{"lastBranch":1,"lastFunction":1,"lastStatement":4,"seen":{"f:3:22:3:45":0,"s:4:15:11:4":0,"b:13:2:18:Infinity:undefined:undefined:undefined:undefined":0,"s:13:2:18:Infinity":1,"s:14:4:18:Infinity":2,"s:22:2:26:Infinity":3}}}
,"/Users/thoufeeque/projects/social-studio-app/src/lib/core/logger.ts": {"path":"/Users/thoufeeque/projects/social-studio-app/src/lib/core/logger.ts","statementMap":{"0":{"start":{"line":4,"column":17},"end":{"line":4,"column":60}},"1":{"start":{"line":5,"column":18},"end":{"line":5,"column":null}},"2":{"start":{"line":8,"column":0},"end":{"line":14,"column":null}},"3":{"start":{"line":9,"column":17},"end":{"line":9,"column":39}},"4":{"start":{"line":10,"column":2},"end":{"line":14,"column":null}},"5":{"start":{"line":11,"column":4},"end":{"line":14,"column":null}},"6":{"start":{"line":12,"column":6},"end":{"line":12,"column":null}},"7":{"start":{"line":14,"column":6},"end":{"line":14,"column":null}},"8":{"start":{"line":19,"column":22},"end":{"line":87,"column":null}},"9":{"start":{"line":21,"column":22},"end":{"line":21,"column":46}},"10":{"start":{"line":22,"column":29},"end":{"line":22,"column":null}},"11":{"start":{"line":25,"column":4},"end":{"line":25,"column":null}},"12":{"start":{"line":28,"column":4},"end":{"line":32,"column":null}},"13":{"start":{"line":29,"column":6},"end":{"line":32,"column":null}},"14":{"start":{"line":30,"column":8},"end":{"line":30,"column":null}},"15":{"start":{"line":32,"column":8},"end":{"line":32,"column":null}},"16":{"start":{"line":38,"column":22},"end":{"line":38,"column":46}},"17":{"start":{"line":39,"column":24},"end":{"line":39,"column":84}},"18":{"start":{"line":40,"column":29},"end":{"line":40,"column":null}},"19":{"start":{"line":43,"column":4},"end":{"line":43,"column":null}},"20":{"start":{"line":46,"column":4},"end":{"line":58,"column":null}},"21":{"start":{"line":47,"column":6},"end":{"line":51,"column":null}},"22":{"start":{"line":48,"column":8},"end":{"line":50,"column":null}},"23":{"start":{"line":53,"column":6},"end":{"line":58,"column":null}},"24":{"start":{"line":54,"column":8},"end":{"line":57,"column":null}},"25":{"start":{"line":62,"column":4},"end":{"line":66,"column":null}},"26":{"start":{"line":63,"column":6},"end":{"line":66,"column":null}},"27":{"start":{"line":64,"column":8},"end":{"line":64,"column":null}},"28":{"start":{"line":66,"column":8},"end":{"line":66,"column":null}},"29":{"start":{"line":72,"column":22},"end":{"line":72,"column":46}},"30":{"start":{"line":73,"column":29},"end":{"line":73,"column":null}},"31":{"start":{"line":76,"column":4},"end":{"line":76,"column":null}},"32":{"start":{"line":79,"column":4},"end":{"line":83,"column":null}},"33":{"start":{"line":80,"column":6},"end":{"line":83,"column":null}},"34":{"start":{"line":81,"column":8},"end":{"line":81,"column":null}},"35":{"start":{"line":83,"column":8},"end":{"line":83,"column":null}}},"fnMap":{"0":{"name":"(anonymous_0)","decl":{"start":{"line":20,"column":2},"end":{"line":20,"column":9}},"loc":{"start":{"line":20,"column":49},"end":{"line":32,"column":null}},"line":20},"1":{"name":"(anonymous_1)","decl":{"start":{"line":37,"column":2},"end":{"line":37,"column":10}},"loc":{"start":{"line":37,"column":47},"end":{"line":66,"column":null}},"line":37},"2":{"name":"(anonymous_2)","decl":{"start":{"line":47,"column":46},"end":{"line":47,"column":null}},"loc":{"start":{"line":47,"column":46},"end":{"line":51,"column":null}},"line":47},"3":{"name":"(anonymous_3)","decl":{"start":{"line":53,"column":46},"end":{"line":53,"column":null}},"loc":{"start":{"line":53,"column":46},"end":{"line":58,"column":null}},"line":53},"4":{"name":"(anonymous_4)","decl":{"start":{"line":71,"column":2},"end":{"line":71,"column":9}},"loc":{"start":{"line":71,"column":49},"end":{"line":83,"column":null}},"line":71}},"branchMap":{"0":{"loc":{"start":{"line":8,"column":0},"end":{"line":14,"column":null}},"type":"if","locations":[{"start":{"line":8,"column":0},"end":{"line":14,"column":null}},{"start":{},"end":{}}],"line":8},"1":{"loc":{"start":{"line":10,"column":2},"end":{"line":14,"column":null}},"type":"if","locations":[{"start":{"line":10,"column":2},"end":{"line":14,"column":null}},{"start":{},"end":{}}],"line":10},"2":{"loc":{"start":{"line":22,"column":65},"end":{"line":22,"column":105}},"type":"cond-expr","locations":[{"start":{"line":22,"column":79},"end":{"line":22,"column":99}},{"start":{"line":22,"column":102},"end":{"line":22,"column":105}}],"line":22},"3":{"loc":{"start":{"line":28,"column":4},"end":{"line":32,"column":null}},"type":"if","locations":[{"start":{"line":28,"column":4},"end":{"line":32,"column":null}},{"start":{},"end":{}}],"line":28},"4":{"loc":{"start":{"line":39,"column":24},"end":{"line":39,"column":84}},"type":"cond-expr","locations":[{"start":{"line":39,"column":49},"end":{"line":39,"column":63}},{"start":{"line":39,"column":63},"end":{"line":39,"column":84}}],"line":39},"5":{"loc":{"start":{"line":46,"column":4},"end":{"line":58,"column":null}},"type":"if","locations":[{"start":{"line":46,"column":4},"end":{"line":58,"column":null}},{"start":{"line":52,"column":11},"end":{"line":58,"column":null}}],"line":46},"6":{"loc":{"start":{"line":62,"column":4},"end":{"line":66,"column":null}},"type":"if","locations":[{"start":{"line":62,"column":4},"end":{"line":66,"column":null}},{"start":{},"end":{}}],"line":62},"7":{"loc":{"start":{"line":73,"column":65},"end":{"line":73,"column":105}},"type":"cond-expr","locations":[{"start":{"line":73,"column":79},"end":{"line":73,"column":99}},{"start":{"line":73,"column":102},"end":{"line":73,"column":105}}],"line":73},"8":{"loc":{"start":{"line":79,"column":4},"end":{"line":83,"column":null}},"type":"if","locations":[{"start":{"line":79,"column":4},"end":{"line":83,"column":null}},{"start":{},"end":{}}],"line":79}},"s":{"0":1,"1":1,"2":1,"3":1,"4":1,"5":0,"6":0,"7":0,"8":1,"9":2,"10":2,"11":2,"12":2,"13":2,"14":2,"15":0,"16":0,"17":0,"18":0,"19":0,"20":0,"21":0,"22":0,"23":0,"24":0,"25":0,"26":0,"27":0,"28":0,"29":0,"30":0,"31":0,"32":0,"33":0,"34":0,"35":0},"f":{"0":2,"1":0,"2":0,"3":0,"4":0},"b":{"0":[1,0],"1":[0,1],"2":[2,0],"3":[2,0],"4":[0,0],"5":[0,0],"6":[0,0],"7":[0,0],"8":[0,0]},"meta":{"lastBranch":9,"lastFunction":5,"lastStatement":36,"seen":{"s:4:17:4:60":0,"s:5:18:5:Infinity":1,"b:8:0:14:Infinity:undefined:undefined:undefined:undefined":0,"s:8:0:14:Infinity":2,"s:9:17:9:39":3,"b:10:2:14:Infinity:undefined:undefined:undefined:undefined":1,"s:10:2:14:Infinity":4,"s:11:4:14:Infinity":5,"s:12:6:12:Infinity":6,"s:14:6:14:Infinity":7,"s:19:22:87:Infinity":8,"f:20:2:20:9":0,"s:21:22:21:46":9,"s:22:29:22:Infinity":10,"b:22:79:22:99:22:102:22:105":2,"s:25:4:25:Infinity":11,"b:28:4:32:Infinity:undefined:undefined:undefined:undefined":3,"s:28:4:32:Infinity":12,"s:29:6:32:Infinity":13,"s:30:8:30:Infinity":14,"s:32:8:32:Infinity":15,"f:37:2:37:10":1,"s:38:22:38:46":16,"s:39:24:39:84":17,"b:39:49:39:63:39:63:39:84":4,"s:40:29:40:Infinity":18,"s:43:4:43:Infinity":19,"b:46:4:58:Infinity:52:11:58:Infinity":5,"s:46:4:58:Infinity":20,"s:47:6:51:Infinity":21,"f:47:46:47:Infinity":2,"s:48:8:50:Infinity":22,"s:53:6:58:Infinity":23,"f:53:46:53:Infinity":3,"s:54:8:57:Infinity":24,"b:62:4:66:Infinity:undefined:undefined:undefined:undefined":6,"s:62:4:66:Infinity":25,"s:63:6:66:Infinity":26,"s:64:8:64:Infinity":27,"s:66:8:66:Infinity":28,"f:71:2:71:9":4,"s:72:22:72:46":29,"s:73:29:73:Infinity":30,"b:73:79:73:99:73:102:73:105":7,"s:76:4:76:Infinity":31,"b:79:4:83:Infinity:undefined:undefined:undefined:undefined":8,"s:79:4:83:Infinity":32,"s:80:6:83:Infinity":33,"s:81:8:81:Infinity":34,"s:83:8:83:Infinity":35}}}
,"/Users/thoufeeque/projects/social-studio-app/src/lib/core/platforms/account-utils.ts": {"path":"/Users/thoufeeque/projects/social-studio-app/src/lib/core/platforms/account-utils.ts","statementMap":{"0":{"start":{"line":4,"column":34},"end":{"line":25,"column":null}},"1":{"start":{"line":9,"column":18},"end":{"line":11,"column":69}},"2":{"start":{"line":13,"column":2},"end":{"line":14,"column":null}},"3":{"start":{"line":14,"column":4},"end":{"line":14,"column":null}},"4":{"start":{"line":17,"column":2},"end":{"line":23,"column":null}},"5":{"start":{"line":25,"column":2},"end":{"line":25,"column":null}}},"fnMap":{"0":{"name":"(anonymous_0)","decl":{"start":{"line":4,"column":34},"end":{"line":4,"column":null}},"loc":{"start":{"line":8,"column":5},"end":{"line":25,"column":null}},"line":8}},"branchMap":{"0":{"loc":{"start":{"line":9,"column":18},"end":{"line":11,"column":69}},"type":"cond-expr","locations":[{"start":{"line":10,"column":6},"end":{"line":10,"column":75}},{"start":{"line":11,"column":6},"end":{"line":11,"column":69}}],"line":9},"1":{"loc":{"start":{"line":13,"column":2},"end":{"line":14,"column":null}},"type":"if","locations":[{"start":{"line":13,"column":2},"end":{"line":14,"column":null}},{"start":{},"end":{}}],"line":13},"2":{"loc":{"start":{"line":13,"column":6},"end":{"line":13,"column":41}},"type":"binary-expr","locations":[{"start":{"line":13,"column":6},"end":{"line":13,"column":18}},{"start":{"line":13,"column":18},"end":{"line":13,"column":41}}],"line":13}},"s":{"0":2,"1":10,"2":6,"3":0,"4":10,"5":10},"f":{"0":10},"b":{"0":[4,6],"1":[0,6],"2":[6,10]},"meta":{"lastBranch":3,"lastFunction":1,"lastStatement":6,"seen":{"s:4:34:25:Infinity":0,"f:4:34:4:Infinity":0,"s:9:18:11:69":1,"b:10:6:10:75:11:6:11:69":0,"b:13:2:14:Infinity:undefined:undefined:undefined:undefined":1,"s:13:2:14:Infinity":2,"b:13:6:13:18:13:18:13:41":2,"s:14:4:14:Infinity":3,"s:17:2:23:Infinity":4,"s:25:2:25:Infinity":5}}}
,"/Users/thoufeeque/projects/social-studio-app/src/lib/core/platforms/meta-uploader.ts": {"path":"/Users/thoufeeque/projects/social-studio-app/src/lib/core/platforms/meta-uploader.ts","statementMap":{"0":{"start":{"line":1,"column":9},"end":{"line":1,"column":null}},"1":{"start":{"line":1,"column":49},"end":{"line":1,"column":null}},"2":{"start":{"line":5,"column":32},"end":{"line":48,"column":null}},"3":{"start":{"line":16,"column":16},"end":{"line":16,"column":39}},"4":{"start":{"line":17,"column":19},"end":{"line":17,"column":null}},"5":{"start":{"line":18,"column":21},"end":{"line":18,"column":47}},"6":{"start":{"line":19,"column":22},"end":{"line":19,"column":null}},"7":{"start":{"line":21,"column":25},"end":{"line":27,"column":4}},"8":{"start":{"line":23,"column":6},"end":{"line":23,"column":null}},"9":{"start":{"line":24,"column":6},"end":{"line":24,"column":null}},"10":{"start":{"line":24,"column":22},"end":{"line":24,"column":null}},"11":{"start":{"line":25,"column":6},"end":{"line":25,"column":null}},"12":{"start":{"line":29,"column":19},"end":{"line":42,"column":4}},"13":{"start":{"line":44,"column":2},"end":{"line":45,"column":null}},"14":{"start":{"line":45,"column":4},"end":{"line":45,"column":null}},"15":{"start":{"line":48,"column":2},"end":{"line":48,"column":null}}},"fnMap":{"0":{"name":"(anonymous_0)","decl":{"start":{"line":5,"column":32},"end":{"line":5,"column":39}},"loc":{"start":{"line":15,"column":6},"end":{"line":48,"column":null}},"line":15},"1":{"name":"(anonymous_1)","decl":{"start":{"line":22,"column":4},"end":{"line":22,"column":14}},"loc":{"start":{"line":22,"column":41},"end":{"line":27,"column":4}},"line":22}},"branchMap":{"0":{"loc":{"start":{"line":24,"column":6},"end":{"line":24,"column":null}},"type":"if","locations":[{"start":{"line":24,"column":6},"end":{"line":24,"column":null}},{"start":{},"end":{}}],"line":24},"1":{"loc":{"start":{"line":44,"column":2},"end":{"line":45,"column":null}},"type":"if","locations":[{"start":{"line":44,"column":2},"end":{"line":45,"column":null}},{"start":{},"end":{}}],"line":44},"2":{"loc":{"start":{"line":44,"column":6},"end":{"line":44,"column":57}},"type":"binary-expr","locations":[{"start":{"line":44,"column":6},"end":{"line":44,"column":24}},{"start":{"line":44,"column":24},"end":{"line":44,"column":57}}],"line":44}},"s":{"0":1,"1":1,"2":1,"3":2,"4":2,"5":2,"6":2,"7":2,"8":2,"9":2,"10":0,"11":2,"12":2,"13":2,"14":0,"15":2},"f":{"0":2,"1":2},"b":{"0":[0,2],"1":[0,2],"2":[2,2]},"meta":{"lastBranch":3,"lastFunction":2,"lastStatement":16,"seen":{"s:1:9:1:Infinity":0,"s:1:49:1:Infinity":1,"s:5:32:48:Infinity":2,"f:5:32:5:39":0,"s:16:16:16:39":3,"s:17:19:17:Infinity":4,"s:18:21:18:47":5,"s:19:22:19:Infinity":6,"s:21:25:27:4":7,"f:22:4:22:14":1,"s:23:6:23:Infinity":8,"b:24:6:24:Infinity:undefined:undefined:undefined:undefined":0,"s:24:6:24:Infinity":9,"s:24:22:24:Infinity":10,"s:25:6:25:Infinity":11,"s:29:19:42:4":12,"b:44:2:45:Infinity:undefined:undefined:undefined:undefined":1,"s:44:2:45:Infinity":13,"b:44:6:44:24:44:24:44:57":2,"s:45:4:45:Infinity":14,"s:48:2:48:Infinity":15}}}
,"/Users/thoufeeque/projects/social-studio-app/src/lib/core/platforms/meta-utils.ts": {"path":"/Users/thoufeeque/projects/social-studio-app/src/lib/core/platforms/meta-utils.ts","statementMap":{"0":{"start":{"line":3,"column":28},"end":{"line":12,"column":null}},"1":{"start":{"line":4,"column":14},"end":{"line":4,"column":null}},"2":{"start":{"line":5,"column":14},"end":{"line":5,"column":30}},"3":{"start":{"line":6,"column":15},"end":{"line":6,"column":31}},"4":{"start":{"line":8,"column":2},"end":{"line":9,"column":null}},"5":{"start":{"line":9,"column":4},"end":{"line":9,"column":null}},"6":{"start":{"line":12,"column":2},"end":{"line":12,"column":null}},"7":{"start":{"line":15,"column":30},"end":{"line":35,"column":null}},"8":{"start":{"line":20,"column":2},"end":{"line":32,"column":null}},"9":{"start":{"line":20,"column":15},"end":{"line":20,"column":18}},"10":{"start":{"line":21,"column":4},"end":{"line":21,"column":null}},"11":{"start":{"line":21,"column":33},"end":{"line":21,"column":62}},"12":{"start":{"line":22,"column":16},"end":{"line":22,"column":38}},"13":{"start":{"line":23,"column":17},"end":{"line":23,"column":33}},"14":{"start":{"line":24,"column":4},"end":{"line":24,"column":null}},"15":{"start":{"line":26,"column":19},"end":{"line":26,"column":null}},"16":{"start":{"line":27,"column":4},"end":{"line":28,"column":null}},"17":{"start":{"line":28,"column":6},"end":{"line":28,"column":null}},"18":{"start":{"line":31,"column":4},"end":{"line":32,"column":null}},"19":{"start":{"line":32,"column":6},"end":{"line":32,"column":null}},"20":{"start":{"line":35,"column":2},"end":{"line":35,"column":null}}},"fnMap":{"0":{"name":"(anonymous_0)","decl":{"start":{"line":3,"column":28},"end":{"line":3,"column":35}},"loc":{"start":{"line":3,"column":59},"end":{"line":12,"column":null}},"line":3},"1":{"name":"(anonymous_1)","decl":{"start":{"line":15,"column":30},"end":{"line":15,"column":null}},"loc":{"start":{"line":19,"column":5},"end":{"line":35,"column":null}},"line":19},"2":{"name":"(anonymous_2)","decl":{"start":{"line":21,"column":14},"end":{"line":21,"column":22}},"loc":{"start":{"line":21,"column":33},"end":{"line":21,"column":62}},"line":21}},"branchMap":{"0":{"loc":{"start":{"line":8,"column":2},"end":{"line":9,"column":null}},"type":"if","locations":[{"start":{"line":8,"column":2},"end":{"line":9,"column":null}},{"start":{},"end":{}}],"line":8},"1":{"loc":{"start":{"line":8,"column":6},"end":{"line":8,"column":44}},"type":"binary-expr","locations":[{"start":{"line":8,"column":6},"end":{"line":8,"column":20}},{"start":{"line":8,"column":20},"end":{"line":8,"column":44}}],"line":8},"2":{"loc":{"start":{"line":17,"column":2},"end":{"line":17,"column":null}},"type":"default-arg","locations":[{"start":{"line":17,"column":16},"end":{"line":17,"column":null}}],"line":17},"3":{"loc":{"start":{"line":18,"column":2},"end":{"line":18,"column":null}},"type":"default-arg","locations":[{"start":{"line":18,"column":13},"end":{"line":18,"column":null}}],"line":18},"4":{"loc":{"start":{"line":26,"column":19},"end":{"line":26,"column":null}},"type":"binary-expr","locations":[{"start":{"line":26,"column":19},"end":{"line":26,"column":39}},{"start":{"line":26,"column":39},"end":{"line":26,"column":76}},{"start":{"line":26,"column":76},"end":{"line":26,"column":null}}],"line":26},"5":{"loc":{"start":{"line":27,"column":4},"end":{"line":28,"column":null}},"type":"if","locations":[{"start":{"line":27,"column":4},"end":{"line":28,"column":null}},{"start":{},"end":{}}],"line":27},"6":{"loc":{"start":{"line":27,"column":8},"end":{"line":27,"column":85}},"type":"binary-expr","locations":[{"start":{"line":27,"column":8},"end":{"line":27,"column":33}},{"start":{"line":27,"column":33},"end":{"line":27,"column":55}},{"start":{"line":27,"column":55},"end":{"line":27,"column":85}}],"line":27},"7":{"loc":{"start":{"line":31,"column":4},"end":{"line":32,"column":null}},"type":"if","locations":[{"start":{"line":31,"column":4},"end":{"line":32,"column":null}},{"start":{},"end":{}}],"line":31},"8":{"loc":{"start":{"line":31,"column":8},"end":{"line":31,"column":50}},"type":"binary-expr","locations":[{"start":{"line":31,"column":8},"end":{"line":31,"column":30}},{"start":{"line":31,"column":30},"end":{"line":31,"column":50}}],"line":31}},"s":{"0":1,"1":2,"2":2,"3":2,"4":2,"5":0,"6":2,"7":1,"8":2,"9":2,"10":2,"11":2,"12":2,"13":2,"14":2,"15":2,"16":2,"17":2,"18":0,"19":0,"20":0},"f":{"0":2,"1":2,"2":2},"b":{"0":[0,2],"1":[2,2],"2":[2],"3":[2],"4":[2,0,0],"5":[2,0],"6":[2,0,0],"7":[0,0],"8":[0,0]},"meta":{"lastBranch":9,"lastFunction":3,"lastStatement":21,"seen":{"s:3:28:12:Infinity":0,"f:3:28:3:35":0,"s:4:14:4:Infinity":1,"s:5:14:5:30":2,"s:6:15:6:31":3,"b:8:2:9:Infinity:undefined:undefined:undefined:undefined":0,"s:8:2:9:Infinity":4,"b:8:6:8:20:8:20:8:44":1,"s:9:4:9:Infinity":5,"s:12:2:12:Infinity":6,"s:15:30:35:Infinity":7,"f:15:30:15:Infinity":1,"b:17:16:17:Infinity":2,"b:18:13:18:Infinity":3,"s:20:2:32:Infinity":8,"s:20:15:20:18":9,"s:21:4:21:Infinity":10,"f:21:14:21:22":2,"s:21:33:21:62":11,"s:22:16:22:38":12,"s:23:17:23:33":13,"s:24:4:24:Infinity":14,"s:26:19:26:Infinity":15,"b:26:19:26:39:26:39:26:76:26:76:26:Infinity":4,"b:27:4:28:Infinity:undefined:undefined:undefined:undefined":5,"s:27:4:28:Infinity":16,"b:27:8:27:33:27:33:27:55:27:55:27:85":6,"s:28:6:28:Infinity":17,"b:31:4:32:Infinity:undefined:undefined:undefined:undefined":7,"s:31:4:32:Infinity":18,"b:31:8:31:30:31:30:31:50":8,"s:32:6:32:Infinity":19,"s:35:2:35:Infinity":20}}}
,"/Users/thoufeeque/projects/social-studio-app/src/lib/platforms/instagram.ts": {"path":"/Users/thoufeeque/projects/social-studio-app/src/lib/platforms/instagram.ts","statementMap":{"0":{"start":{"line":11,"column":36},"end":{"line":31,"column":null}},"1":{"start":{"line":14,"column":40},"end":{"line":14,"column":84}},"2":{"start":{"line":15,"column":23},"end":{"line":15,"column":null}},"3":{"start":{"line":16,"column":21},"end":{"line":16,"column":123}},"4":{"start":{"line":18,"column":2},"end":{"line":23,"column":null}},"5":{"start":{"line":25,"column":20},"end":{"line":25,"column":null}},"6":{"start":{"line":26,"column":2},"end":{"line":26,"column":null}},"7":{"start":{"line":28,"column":27},"end":{"line":28,"column":96}},"8":{"start":{"line":29,"column":20},"end":{"line":29,"column":84}},"9":{"start":{"line":31,"column":2},"end":{"line":31,"column":null}},"10":{"start":{"line":34,"column":33},"end":{"line":36,"column":null}},"11":{"start":{"line":35,"column":40},"end":{"line":35,"column":84}},"12":{"start":{"line":36,"column":2},"end":{"line":36,"column":null}}},"fnMap":{"0":{"name":"(anonymous_0)","decl":{"start":{"line":11,"column":36},"end":{"line":11,"column":43}},"loc":{"start":{"line":13,"column":25},"end":{"line":31,"column":null}},"line":13},"1":{"name":"(anonymous_1)","decl":{"start":{"line":34,"column":33},"end":{"line":34,"column":40}},"loc":{"start":{"line":34,"column":79},"end":{"line":36,"column":null}},"line":34}},"branchMap":{"0":{"loc":{"start":{"line":15,"column":23},"end":{"line":15,"column":null}},"type":"binary-expr","locations":[{"start":{"line":15,"column":23},"end":{"line":15,"column":34}},{"start":{"line":15,"column":34},"end":{"line":15,"column":49}},{"start":{"line":15,"column":49},"end":{"line":15,"column":null}}],"line":15},"1":{"loc":{"start":{"line":16,"column":21},"end":{"line":16,"column":123}},"type":"binary-expr","locations":[{"start":{"line":16,"column":21},"end":{"line":16,"column":43}},{"start":{"line":16,"column":43},"end":{"line":16,"column":123}}],"line":16},"2":{"loc":{"start":{"line":31,"column":56},"end":{"line":31,"column":124}},"type":"binary-expr","locations":[{"start":{"line":31,"column":56},"end":{"line":31,"column":69}},{"start":{"line":31,"column":69},"end":{"line":31,"column":124}}],"line":31}},"s":{"0":1,"1":2,"2":2,"3":2,"4":1,"5":2,"6":2,"7":2,"8":2,"9":2,"10":1,"11":0,"12":0},"f":{"0":2,"1":0},"b":{"0":[2,2,0],"1":[2,1],"2":[2,2]},"meta":{"lastBranch":3,"lastFunction":2,"lastStatement":13,"seen":{"s:11:36:31:Infinity":0,"f:11:36:11:43":0,"s:14:40:14:84":1,"s:15:23:15:Infinity":2,"b:15:23:15:34:15:34:15:49:15:49:15:Infinity":0,"s:16:21:16:123":3,"b:16:21:16:43:16:43:16:123":1,"s:18:2:23:Infinity":4,"s:25:20:25:Infinity":5,"s:26:2:26:Infinity":6,"s:28:27:28:96":7,"s:29:20:29:84":8,"s:31:2:31:Infinity":9,"b:31:56:31:69:31:69:31:124":2,"s:34:33:36:Infinity":10,"f:34:33:34:40":1,"s:35:40:35:84":11,"s:36:2:36:Infinity":12}}}
,"/Users/thoufeeque/projects/social-studio-app/src/lib/platforms/tiktok.ts": {"path":"/Users/thoufeeque/projects/social-studio-app/src/lib/platforms/tiktok.ts","statementMap":{"0":{"start":{"line":1,"column":9},"end":{"line":1,"column":null}},"1":{"start":{"line":12,"column":34},"end":{"line":26,"column":null}},"2":{"start":{"line":15,"column":18},"end":{"line":15,"column":59}},"3":{"start":{"line":16,"column":15},"end":{"line":16,"column":null}},"4":{"start":{"line":17,"column":2},"end":{"line":17,"column":null}},"5":{"start":{"line":17,"column":13},"end":{"line":17,"column":null}},"6":{"start":{"line":19,"column":30},"end":{"line":19,"column":49}},"7":{"start":{"line":21,"column":37},"end":{"line":22,"column":null}},"8":{"start":{"line":25,"column":2},"end":{"line":25,"column":null}},"9":{"start":{"line":26,"column":2},"end":{"line":26,"column":null}}},"fnMap":{"0":{"name":"(anonymous_0)","decl":{"start":{"line":12,"column":34},"end":{"line":12,"column":41}},"loc":{"start":{"line":14,"column":20},"end":{"line":26,"column":null}},"line":14}},"branchMap":{"0":{"loc":{"start":{"line":16,"column":15},"end":{"line":16,"column":null}},"type":"binary-expr","locations":[{"start":{"line":16,"column":15},"end":{"line":16,"column":27}},{"start":{"line":16,"column":27},"end":{"line":16,"column":null}}],"line":16},"1":{"loc":{"start":{"line":17,"column":2},"end":{"line":17,"column":null}},"type":"if","locations":[{"start":{"line":17,"column":2},"end":{"line":17,"column":null}},{"start":{},"end":{}}],"line":17},"2":{"loc":{"start":{"line":22,"column":38},"end":{"line":22,"column":66}},"type":"binary-expr","locations":[{"start":{"line":22,"column":38},"end":{"line":22,"column":47}},{"start":{"line":22,"column":47},"end":{"line":22,"column":62}},{"start":{"line":22,"column":62},"end":{"line":22,"column":66}}],"line":22}},"s":{"0":1,"1":1,"2":4,"3":4,"4":4,"5":0,"6":4,"7":4,"8":3,"9":2},"f":{"0":4},"b":{"0":[4,0],"1":[0,4],"2":[4,0,0]},"meta":{"lastBranch":3,"lastFunction":1,"lastStatement":10,"seen":{"s:1:9:1:Infinity":0,"s:12:34:26:Infinity":1,"f:12:34:12:41":0,"s:15:18:15:59":2,"s:16:15:16:Infinity":3,"b:16:15:16:27:16:27:16:Infinity":0,"b:17:2:17:Infinity:undefined:undefined:undefined:undefined":1,"s:17:2:17:Infinity":4,"s:17:13:17:Infinity":5,"s:19:30:19:49":6,"s:21:37:22:Infinity":7,"b:22:38:22:47:22:47:22:62:22:62:22:66":2,"s:25:2:25:Infinity":8,"s:26:2:26:Infinity":9}}}
,"/Users/thoufeeque/projects/social-studio-app/src/lib/platforms/youtube.ts": {"path":"/Users/thoufeeque/projects/social-studio-app/src/lib/platforms/youtube.ts","statementMap":{"0":{"start":{"line":1,"column":9},"end":{"line":1,"column":null}},"1":{"start":{"line":9,"column":31},"end":{"line":21,"column":null}},"2":{"start":{"line":12,"column":18},"end":{"line":12,"column":59}},"3":{"start":{"line":13,"column":29},"end":{"line":13,"column":52}},"4":{"start":{"line":15,"column":20},"end":{"line":18,"column":4}},"5":{"start":{"line":20,"column":17},"end":{"line":20,"column":86}},"6":{"start":{"line":21,"column":2},"end":{"line":21,"column":null}},"7":{"start":{"line":24,"column":31},"end":{"line":28,"column":null}},"8":{"start":{"line":25,"column":18},"end":{"line":25,"column":59}},"9":{"start":{"line":26,"column":14},"end":{"line":26,"column":79}},"10":{"start":{"line":27,"column":16},"end":{"line":27,"column":null}},"11":{"start":{"line":28,"column":2},"end":{"line":28,"column":null}}},"fnMap":{"0":{"name":"(anonymous_0)","decl":{"start":{"line":9,"column":31},"end":{"line":9,"column":38}},"loc":{"start":{"line":11,"column":67},"end":{"line":21,"column":null}},"line":11},"1":{"name":"(anonymous_1)","decl":{"start":{"line":24,"column":31},"end":{"line":24,"column":38}},"loc":{"start":{"line":24,"column":77},"end":{"line":28,"column":null}},"line":24}},"branchMap":{"0":{"loc":{"start":{"line":15,"column":20},"end":{"line":18,"column":4}},"type":"binary-expr","locations":[{"start":{"line":15,"column":20},"end":{"line":15,"column":36}},{"start":{"line":15,"column":36},"end":{"line":18,"column":4}}],"line":15},"1":{"loc":{"start":{"line":28,"column":9},"end":{"line":28,"column":null}},"type":"cond-expr","locations":[{"start":{"line":28,"column":17},"end":{"line":28,"column":159}},{"start":{"line":28,"column":159},"end":{"line":28,"column":null}}],"line":28},"2":{"loc":{"start":{"line":28,"column":35},"end":{"line":28,"column":58}},"type":"binary-expr","locations":[{"start":{"line":28,"column":35},"end":{"line":28,"column":54}},{"start":{"line":28,"column":54},"end":{"line":28,"column":58}}],"line":28},"3":{"loc":{"start":{"line":28,"column":82},"end":{"line":28,"column":111}},"type":"binary-expr","locations":[{"start":{"line":28,"column":82},"end":{"line":28,"column":107}},{"start":{"line":28,"column":107},"end":{"line":28,"column":111}}],"line":28},"4":{"loc":{"start":{"line":28,"column":130},"end":{"line":28,"column":156}},"type":"binary-expr","locations":[{"start":{"line":28,"column":130},"end":{"line":28,"column":150}},{"start":{"line":28,"column":150},"end":{"line":28,"column":156}}],"line":28}},"s":{"0":1,"1":1,"2":4,"3":4,"4":4,"5":2,"6":3,"7":1,"8":0,"9":0,"10":0,"11":0},"f":{"0":4,"1":0},"b":{"0":[4,3],"1":[0,0],"2":[0,0],"3":[0,0],"4":[0,0]},"meta":{"lastBranch":5,"lastFunction":2,"lastStatement":12,"seen":{"s:1:9:1:Infinity":0,"s:9:31:21:Infinity":1,"f:9:31:9:38":0,"s:12:18:12:59":2,"s:13:29:13:52":3,"s:15:20:18:4":4,"b:15:20:15:36:15:36:18:4":0,"s:20:17:20:86":5,"s:21:2:21:Infinity":6,"s:24:31:28:Infinity":7,"f:24:31:24:38":1,"s:25:18:25:59":8,"s:26:14:26:79":9,"s:27:16:27:Infinity":10,"s:28:2:28:Infinity":11,"b:28:17:28:159:28:159:28:Infinity":1,"b:28:35:28:54:28:54:28:58":2,"b:28:82:28:107:28:107:28:111":3,"b:28:130:28:150:28:150:28:156":4}}}
,"/Users/thoufeeque/projects/social-studio-app/src/lib/platforms/instagram/account.ts": {"path":"/Users/thoufeeque/projects/social-studio-app/src/lib/platforms/instagram/account.ts","statementMap":{"0":{"start":{"line":4,"column":35},"end":{"line":16,"column":null}},"1":{"start":{"line":5,"column":18},"end":{"line":5,"column":73}},"2":{"start":{"line":6,"column":16},"end":{"line":6,"column":57}},"3":{"start":{"line":8,"column":21},"end":{"line":8,"column":117}},"4":{"start":{"line":8,"column":88},"end":{"line":8,"column":117}},"5":{"start":{"line":9,"column":2},"end":{"line":10,"column":null}},"6":{"start":{"line":10,"column":4},"end":{"line":10,"column":null}},"7":{"start":{"line":13,"column":2},"end":{"line":16,"column":null}}},"fnMap":{"0":{"name":"(anonymous_0)","decl":{"start":{"line":4,"column":35},"end":{"line":4,"column":42}},"loc":{"start":{"line":4,"column":81},"end":{"line":16,"column":null}},"line":4},"1":{"name":"(anonymous_1)","decl":{"start":{"line":8,"column":27},"end":{"line":8,"column":33}},"loc":{"start":{"line":8,"column":88},"end":{"line":8,"column":117}},"line":8}},"branchMap":{"0":{"loc":{"start":{"line":9,"column":2},"end":{"line":10,"column":null}},"type":"if","locations":[{"start":{"line":9,"column":2},"end":{"line":10,"column":null}},{"start":{},"end":{}}],"line":9}},"s":{"0":1,"1":2,"2":2,"3":2,"4":2,"5":2,"6":0,"7":2},"f":{"0":2,"1":2},"b":{"0":[0,2]},"meta":{"lastBranch":1,"lastFunction":2,"lastStatement":8,"seen":{"s:4:35:16:Infinity":0,"f:4:35:4:42":0,"s:5:18:5:73":1,"s:6:16:6:57":2,"s:8:21:8:117":3,"f:8:27:8:33":1,"s:8:88:8:117":4,"b:9:2:10:Infinity:undefined:undefined:undefined:undefined":0,"s:9:2:10:Infinity":5,"s:10:4:10:Infinity":6,"s:13:2:16:Infinity":7}}}
,"/Users/thoufeeque/projects/social-studio-app/src/lib/platforms/instagram/container.ts": {"path":"/Users/thoufeeque/projects/social-studio-app/src/lib/platforms/instagram/container.ts","statementMap":{"0":{"start":{"line":1,"column":40},"end":{"line":25,"column":null}},"1":{"start":{"line":7,"column":14},"end":{"line":7,"column":null}},"2":{"start":{"line":8,"column":15},"end":{"line":15,"column":null}},"3":{"start":{"line":17,"column":14},"end":{"line":21,"column":4}},"4":{"start":{"line":23,"column":15},"end":{"line":23,"column":31}},"5":{"start":{"line":24,"column":2},"end":{"line":24,"column":null}},"6":{"start":{"line":24,"column":18},"end":{"line":24,"column":null}},"7":{"start":{"line":25,"column":2},"end":{"line":25,"column":null}}},"fnMap":{"0":{"name":"(anonymous_0)","decl":{"start":{"line":1,"column":40},"end":{"line":1,"column":null}},"loc":{"start":{"line":6,"column":5},"end":{"line":25,"column":null}},"line":6}},"branchMap":{"0":{"loc":{"start":{"line":24,"column":2},"end":{"line":24,"column":null}},"type":"if","locations":[{"start":{"line":24,"column":2},"end":{"line":24,"column":null}},{"start":{},"end":{}}],"line":24}},"s":{"0":1,"1":1,"2":1,"3":1,"4":1,"5":1,"6":0,"7":1},"f":{"0":1},"b":{"0":[0,1]},"meta":{"lastBranch":1,"lastFunction":1,"lastStatement":8,"seen":{"s:1:40:25:Infinity":0,"f:1:40:1:Infinity":0,"s:7:14:7:Infinity":1,"s:8:15:15:Infinity":2,"s:17:14:21:4":3,"s:23:15:23:31":4,"b:24:2:24:Infinity:undefined:undefined:undefined:undefined":0,"s:24:2:24:Infinity":5,"s:24:18:24:Infinity":6,"s:25:2:25:Infinity":7}}}
,"/Users/thoufeeque/projects/social-studio-app/src/lib/platforms/instagram/finalize.ts": {"path":"/Users/thoufeeque/projects/social-studio-app/src/lib/platforms/instagram/finalize.ts","statementMap":{"0":{"start":{"line":1,"column":40},"end":{"line":11,"column":null}},"1":{"start":{"line":6,"column":14},"end":{"line":6,"column":null}},"2":{"start":{"line":7,"column":14},"end":{"line":7,"column":50}},"3":{"start":{"line":8,"column":15},"end":{"line":8,"column":31}},"4":{"start":{"line":10,"column":2},"end":{"line":10,"column":null}},"5":{"start":{"line":10,"column":18},"end":{"line":10,"column":null}},"6":{"start":{"line":11,"column":2},"end":{"line":11,"column":null}},"7":{"start":{"line":14,"column":39},"end":{"line":22,"column":null}},"8":{"start":{"line":18,"column":14},"end":{"line":18,"column":null}},"9":{"start":{"line":19,"column":14},"end":{"line":19,"column":30}},"10":{"start":{"line":20,"column":15},"end":{"line":20,"column":31}},"11":{"start":{"line":22,"column":2},"end":{"line":22,"column":null}}},"fnMap":{"0":{"name":"(anonymous_0)","decl":{"start":{"line":1,"column":40},"end":{"line":1,"column":null}},"loc":{"start":{"line":5,"column":5},"end":{"line":11,"column":null}},"line":5},"1":{"name":"(anonymous_1)","decl":{"start":{"line":14,"column":39},"end":{"line":14,"column":null}},"loc":{"start":{"line":17,"column":5},"end":{"line":22,"column":null}},"line":17}},"branchMap":{"0":{"loc":{"start":{"line":10,"column":2},"end":{"line":10,"column":null}},"type":"if","locations":[{"start":{"line":10,"column":2},"end":{"line":10,"column":null}},{"start":{},"end":{}}],"line":10},"1":{"loc":{"start":{"line":22,"column":9},"end":{"line":22,"column":null}},"type":"binary-expr","locations":[{"start":{"line":22,"column":9},"end":{"line":22,"column":28}},{"start":{"line":22,"column":28},"end":{"line":22,"column":null}}],"line":22},"2":{"loc":{"start":{"line":22,"column":28},"end":{"line":22,"column":null}},"type":"cond-expr","locations":[{"start":{"line":22,"column":45},"end":{"line":22,"column":99}},{"start":{"line":22,"column":99},"end":{"line":22,"column":null}}],"line":22}},"s":{"0":1,"1":2,"2":2,"3":2,"4":2,"5":0,"6":2,"7":1,"8":2,"9":2,"10":2,"11":2},"f":{"0":2,"1":2},"b":{"0":[0,2],"1":[2,2],"2":[0,2]},"meta":{"lastBranch":3,"lastFunction":2,"lastStatement":12,"seen":{"s:1:40:11:Infinity":0,"f:1:40:1:Infinity":0,"s:6:14:6:Infinity":1,"s:7:14:7:50":2,"s:8:15:8:31":3,"b:10:2:10:Infinity:undefined:undefined:undefined:undefined":0,"s:10:2:10:Infinity":4,"s:10:18:10:Infinity":5,"s:11:2:11:Infinity":6,"s:14:39:22:Infinity":7,"f:14:39:14:Infinity":1,"s:18:14:18:Infinity":8,"s:19:14:19:30":9,"s:20:15:20:31":10,"s:22:2:22:Infinity":11,"b:22:9:22:28:22:28:22:Infinity":1,"b:22:45:22:99:22:99:22:Infinity":2}}}
,"/Users/thoufeeque/projects/social-studio-app/src/lib/platforms/instagram/stats.ts": {"path":"/Users/thoufeeque/projects/social-studio-app/src/lib/platforms/instagram/stats.ts","statementMap":{"0":{"start":{"line":1,"column":35},"end":{"line":22,"column":null}},"1":{"start":{"line":2,"column":14},"end":{"line":2,"column":null}},"2":{"start":{"line":3,"column":14},"end":{"line":3,"column":30}},"3":{"start":{"line":4,"column":15},"end":{"line":4,"column":31}},"4":{"start":{"line":5,"column":2},"end":{"line":5,"column":null}},"5":{"start":{"line":5,"column":18},"end":{"line":5,"column":null}},"6":{"start":{"line":7,"column":22},"end":{"line":7,"column":null}},"7":{"start":{"line":8,"column":22},"end":{"line":8,"column":46}},"8":{"start":{"line":9,"column":23},"end":{"line":9,"column":47}},"9":{"start":{"line":11,"column":14},"end":{"line":11,"column":null}},"10":{"start":{"line":12,"column":2},"end":{"line":14,"column":null}},"11":{"start":{"line":13,"column":22},"end":{"line":13,"column":123}},"12":{"start":{"line":13,"column":104},"end":{"line":13,"column":123}},"13":{"start":{"line":14,"column":4},"end":{"line":14,"column":null}},"14":{"start":{"line":14,"column":39},"end":{"line":14,"column":null}},"15":{"start":{"line":17,"column":2},"end":{"line":22,"column":null}}},"fnMap":{"0":{"name":"(anonymous_0)","decl":{"start":{"line":1,"column":35},"end":{"line":1,"column":42}},"loc":{"start":{"line":1,"column":84},"end":{"line":22,"column":null}},"line":1},"1":{"name":"(anonymous_1)","decl":{"start":{"line":13,"column":40},"end":{"line":13,"column":46}},"loc":{"start":{"line":13,"column":104},"end":{"line":13,"column":123}},"line":13}},"branchMap":{"0":{"loc":{"start":{"line":5,"column":2},"end":{"line":5,"column":null}},"type":"if","locations":[{"start":{"line":5,"column":2},"end":{"line":5,"column":null}},{"start":{},"end":{}}],"line":5},"1":{"loc":{"start":{"line":12,"column":2},"end":{"line":14,"column":null}},"type":"if","locations":[{"start":{"line":12,"column":2},"end":{"line":14,"column":null}},{"start":{},"end":{}}],"line":12},"2":{"loc":{"start":{"line":14,"column":4},"end":{"line":14,"column":null}},"type":"if","locations":[{"start":{"line":14,"column":4},"end":{"line":14,"column":null}},{"start":{},"end":{}}],"line":14}},"s":{"0":1,"1":0,"2":0,"3":0,"4":0,"5":0,"6":0,"7":0,"8":0,"9":0,"10":0,"11":0,"12":0,"13":0,"14":0,"15":0},"f":{"0":0,"1":0},"b":{"0":[0,0],"1":[0,0],"2":[0,0]},"meta":{"lastBranch":3,"lastFunction":2,"lastStatement":16,"seen":{"s:1:35:22:Infinity":0,"f:1:35:1:42":0,"s:2:14:2:Infinity":1,"s:3:14:3:30":2,"s:4:15:4:31":3,"b:5:2:5:Infinity:undefined:undefined:undefined:undefined":0,"s:5:2:5:Infinity":4,"s:5:18:5:Infinity":5,"s:7:22:7:Infinity":6,"s:8:22:8:46":7,"s:9:23:9:47":8,"s:11:14:11:Infinity":9,"b:12:2:14:Infinity:undefined:undefined:undefined:undefined":1,"s:12:2:14:Infinity":10,"s:13:22:13:123":11,"f:13:40:13:46":1,"s:13:104:13:123":12,"b:14:4:14:Infinity:undefined:undefined:undefined:undefined":2,"s:14:4:14:Infinity":13,"s:14:39:14:Infinity":14,"s:17:2:22:Infinity":15}}}
,"/Users/thoufeeque/projects/social-studio-app/src/lib/platforms/tiktok/account.ts": {"path":"/Users/thoufeeque/projects/social-studio-app/src/lib/platforms/tiktok/account.ts","statementMap":{"0":{"start":{"line":3,"column":32},"end":{"line":4,"column":null}},"1":{"start":{"line":4,"column":2},"end":{"line":4,"column":null}}},"fnMap":{"0":{"name":"(anonymous_0)","decl":{"start":{"line":3,"column":32},"end":{"line":3,"column":39}},"loc":{"start":{"line":3,"column":78},"end":{"line":4,"column":null}},"line":3}},"branchMap":{},"s":{"0":1,"1":4},"f":{"0":4},"b":{},"meta":{"lastBranch":0,"lastFunction":1,"lastStatement":2,"seen":{"s:3:32:4:Infinity":0,"f:3:32:3:39":0,"s:4:2:4:Infinity":1}}}
,"/Users/thoufeeque/projects/social-studio-app/src/lib/platforms/tiktok/publish.ts": {"path":"/Users/thoufeeque/projects/social-studio-app/src/lib/platforms/tiktok/publish.ts","statementMap":{"0":{"start":{"line":1,"column":9},"end":{"line":1,"column":null}},"1":{"start":{"line":3,"column":33},"end":{"line":15,"column":null}},"2":{"start":{"line":4,"column":14},"end":{"line":11,"column":4}},"3":{"start":{"line":13,"column":15},"end":{"line":13,"column":31}},"4":{"start":{"line":14,"column":2},"end":{"line":14,"column":null}},"5":{"start":{"line":14,"column":33},"end":{"line":14,"column":null}},"6":{"start":{"line":15,"column":2},"end":{"line":15,"column":null}},"7":{"start":{"line":18,"column":32},"end":{"line":29,"column":null}},"8":{"start":{"line":19,"column":17},"end":{"line":19,"column":44}},"9":{"start":{"line":20,"column":14},"end":{"line":26,"column":4}},"10":{"start":{"line":28,"column":2},"end":{"line":28,"column":null}},"11":{"start":{"line":28,"column":15},"end":{"line":28,"column":null}},"12":{"start":{"line":29,"column":2},"end":{"line":29,"column":null}}},"fnMap":{"0":{"name":"(anonymous_0)","decl":{"start":{"line":3,"column":33},"end":{"line":3,"column":40}},"loc":{"start":{"line":3,"column":115},"end":{"line":15,"column":null}},"line":3},"1":{"name":"(anonymous_1)","decl":{"start":{"line":18,"column":32},"end":{"line":18,"column":39}},"loc":{"start":{"line":18,"column":99},"end":{"line":29,"column":null}},"line":18}},"branchMap":{"0":{"loc":{"start":{"line":14,"column":2},"end":{"line":14,"column":null}},"type":"if","locations":[{"start":{"line":14,"column":2},"end":{"line":14,"column":null}},{"start":{},"end":{}}],"line":14},"1":{"loc":{"start":{"line":28,"column":2},"end":{"line":28,"column":null}},"type":"if","locations":[{"start":{"line":28,"column":2},"end":{"line":28,"column":null}},{"start":{},"end":{}}],"line":28}},"s":{"0":1,"1":1,"2":4,"3":4,"4":4,"5":1,"6":3,"7":1,"8":3,"9":3,"10":3,"11":1,"12":2},"f":{"0":4,"1":3},"b":{"0":[1,3],"1":[1,2]},"meta":{"lastBranch":2,"lastFunction":2,"lastStatement":13,"seen":{"s:1:9:1:Infinity":0,"s:3:33:15:Infinity":1,"f:3:33:3:40":0,"s:4:14:11:4":2,"s:13:15:13:31":3,"b:14:2:14:Infinity:undefined:undefined:undefined:undefined":0,"s:14:2:14:Infinity":4,"s:14:33:14:Infinity":5,"s:15:2:15:Infinity":6,"s:18:32:29:Infinity":7,"f:18:32:18:39":1,"s:19:17:19:44":8,"s:20:14:26:4":9,"b:28:2:28:Infinity:undefined:undefined:undefined:undefined":1,"s:28:2:28:Infinity":10,"s:28:15:28:Infinity":11,"s:29:2:29:Infinity":12}}}
,"/Users/thoufeeque/projects/social-studio-app/src/lib/platforms/youtube/account.ts": {"path":"/Users/thoufeeque/projects/social-studio-app/src/lib/platforms/youtube/account.ts","statementMap":{"0":{"start":{"line":6,"column":32},"end":{"line":27,"column":null}},"1":{"start":{"line":7,"column":18},"end":{"line":7,"column":71}},"2":{"start":{"line":8,"column":22},"end":{"line":8,"column":68}},"3":{"start":{"line":10,"column":15},"end":{"line":11,"column":null}},"4":{"start":{"line":14,"column":2},"end":{"line":18,"column":null}},"5":{"start":{"line":20,"column":2},"end":{"line":25,"column":null}},"6":{"start":{"line":21,"column":89},"end":{"line":21,"column":139}},"7":{"start":{"line":22,"column":4},"end":{"line":22,"column":null}},"8":{"start":{"line":22,"column":30},"end":{"line":22,"column":null}},"9":{"start":{"line":23,"column":4},"end":{"line":23,"column":null}},"10":{"start":{"line":23,"column":28},"end":{"line":23,"column":null}},"11":{"start":{"line":24,"column":4},"end":{"line":24,"column":null}},"12":{"start":{"line":27,"column":2},"end":{"line":27,"column":null}}},"fnMap":{"0":{"name":"(anonymous_0)","decl":{"start":{"line":6,"column":32},"end":{"line":6,"column":39}},"loc":{"start":{"line":6,"column":78},"end":{"line":27,"column":null}},"line":6},"1":{"name":"(anonymous_1)","decl":{"start":{"line":20,"column":20},"end":{"line":20,"column":27}},"loc":{"start":{"line":20,"column":38},"end":{"line":25,"column":null}},"line":20}},"branchMap":{"0":{"loc":{"start":{"line":17,"column":17},"end":{"line":17,"column":null}},"type":"cond-expr","locations":[{"start":{"line":17,"column":38},"end":{"line":17,"column":66}},{"start":{"line":17,"column":66},"end":{"line":17,"column":null}}],"line":17},"1":{"loc":{"start":{"line":21,"column":105},"end":{"line":21,"column":139}},"type":"binary-expr","locations":[{"start":{"line":21,"column":105},"end":{"line":21,"column":128}},{"start":{"line":21,"column":128},"end":{"line":21,"column":139}}],"line":21},"2":{"loc":{"start":{"line":22,"column":4},"end":{"line":22,"column":null}},"type":"if","locations":[{"start":{"line":22,"column":4},"end":{"line":22,"column":null}},{"start":{},"end":{}}],"line":22},"3":{"loc":{"start":{"line":23,"column":4},"end":{"line":23,"column":null}},"type":"if","locations":[{"start":{"line":23,"column":4},"end":{"line":23,"column":null}},{"start":{},"end":{}}],"line":23}},"s":{"0":1,"1":4,"2":4,"3":4,"4":4,"5":4,"6":0,"7":0,"8":0,"9":0,"10":0,"11":0,"12":4},"f":{"0":4,"1":0},"b":{"0":[0,4],"1":[0,0],"2":[0,0],"3":[0,0]},"meta":{"lastBranch":4,"lastFunction":2,"lastStatement":13,"seen":{"s:6:32:27:Infinity":0,"f:6:32:6:39":0,"s:7:18:7:71":1,"s:8:22:8:68":2,"s:10:15:11:Infinity":3,"s:14:2:18:Infinity":4,"b:17:38:17:66:17:66:17:Infinity":0,"s:20:2:25:Infinity":5,"f:20:20:20:27":1,"s:21:89:21:139":6,"b:21:105:21:128:21:128:21:139":1,"b:22:4:22:Infinity:undefined:undefined:undefined:undefined":2,"s:22:4:22:Infinity":7,"s:22:30:22:Infinity":8,"b:23:4:23:Infinity:undefined:undefined:undefined:undefined":3,"s:23:4:23:Infinity":9,"s:23:28:23:Infinity":10,"s:24:4:24:Infinity":11,"s:27:2:27:Infinity":12}}}
,"/Users/thoufeeque/projects/social-studio-app/src/lib/platforms/youtube/push.ts": {"path":"/Users/thoufeeque/projects/social-studio-app/src/lib/platforms/youtube/push.ts","statementMap":{"0":{"start":{"line":1,"column":9},"end":{"line":1,"column":null}},"1":{"start":{"line":1,"column":33},"end":{"line":1,"column":null}},"2":{"start":{"line":4,"column":33},"end":{"line":34,"column":null}},"3":{"start":{"line":11,"column":21},"end":{"line":11,"column":69}},"4":{"start":{"line":12,"column":22},"end":{"line":12,"column":null}},"5":{"start":{"line":14,"column":25},"end":{"line":20,"column":4}},"6":{"start":{"line":16,"column":6},"end":{"line":16,"column":null}},"7":{"start":{"line":17,"column":6},"end":{"line":17,"column":null}},"8":{"start":{"line":17,"column":22},"end":{"line":17,"column":null}},"9":{"start":{"line":18,"column":6},"end":{"line":18,"column":null}},"10":{"start":{"line":22,"column":14},"end":{"line":28,"column":4}},"11":{"start":{"line":30,"column":2},"end":{"line":31,"column":null}},"12":{"start":{"line":31,"column":4},"end":{"line":31,"column":null}},"13":{"start":{"line":34,"column":2},"end":{"line":34,"column":null}}},"fnMap":{"0":{"name":"(anonymous_0)","decl":{"start":{"line":4,"column":33},"end":{"line":4,"column":null}},"loc":{"start":{"line":10,"column":5},"end":{"line":34,"column":null}},"line":10},"1":{"name":"(anonymous_1)","decl":{"start":{"line":15,"column":4},"end":{"line":15,"column":14}},"loc":{"start":{"line":15,"column":41},"end":{"line":20,"column":4}},"line":15}},"branchMap":{"0":{"loc":{"start":{"line":17,"column":6},"end":{"line":17,"column":null}},"type":"if","locations":[{"start":{"line":17,"column":6},"end":{"line":17,"column":null}},{"start":{},"end":{}}],"line":17},"1":{"loc":{"start":{"line":30,"column":2},"end":{"line":31,"column":null}},"type":"if","locations":[{"start":{"line":30,"column":2},"end":{"line":31,"column":null}},{"start":{},"end":{}}],"line":30},"2":{"loc":{"start":{"line":30,"column":6},"end":{"line":30,"column":37}},"type":"binary-expr","locations":[{"start":{"line":30,"column":6},"end":{"line":30,"column":17}},{"start":{"line":30,"column":17},"end":{"line":30,"column":37}}],"line":30},"3":{"loc":{"start":{"line":34,"column":9},"end":{"line":34,"column":53}},"type":"cond-expr","locations":[{"start":{"line":34,"column":30},"end":{"line":34,"column":37}},{"start":{"line":34,"column":37},"end":{"line":34,"column":53}}],"line":34}},"s":{"0":1,"1":1,"2":1,"3":3,"4":3,"5":3,"6":3,"7":3,"8":0,"9":3,"10":3,"11":3,"12":0,"13":3},"f":{"0":3,"1":3},"b":{"0":[0,3],"1":[0,3],"2":[3,1],"3":[1,2]},"meta":{"lastBranch":4,"lastFunction":2,"lastStatement":14,"seen":{"s:1:9:1:Infinity":0,"s:1:33:1:Infinity":1,"s:4:33:34:Infinity":2,"f:4:33:4:Infinity":0,"s:11:21:11:69":3,"s:12:22:12:Infinity":4,"s:14:25:20:4":5,"f:15:4:15:14":1,"s:16:6:16:Infinity":6,"b:17:6:17:Infinity:undefined:undefined:undefined:undefined":0,"s:17:6:17:Infinity":7,"s:17:22:17:Infinity":8,"s:18:6:18:Infinity":9,"s:22:14:28:4":10,"b:30:2:31:Infinity:undefined:undefined:undefined:undefined":1,"s:30:2:31:Infinity":11,"b:30:6:30:17:30:17:30:37":2,"s:31:4:31:Infinity":12,"s:34:2:34:Infinity":13,"b:34:30:34:37:34:37:34:53":3}}}
,"/Users/thoufeeque/projects/social-studio-app/src/lib/platforms/youtube/session.ts": {"path":"/Users/thoufeeque/projects/social-studio-app/src/lib/platforms/youtube/session.ts","statementMap":{"0":{"start":{"line":14,"column":34},"end":{"line":47,"column":null}},"1":{"start":{"line":19,"column":19},"end":{"line":19,"column":null}},"2":{"start":{"line":20,"column":21},"end":{"line":22,"column":null}},"3":{"start":{"line":25,"column":2},"end":{"line":28,"column":null}},"4":{"start":{"line":26,"column":4},"end":{"line":26,"column":null}},"5":{"start":{"line":27,"column":13},"end":{"line":28,"column":null}},"6":{"start":{"line":28,"column":4},"end":{"line":28,"column":null}},"7":{"start":{"line":31,"column":2},"end":{"line":31,"column":null}},"8":{"start":{"line":31,"column":14},"end":{"line":31,"column":null}},"9":{"start":{"line":33,"column":14},"end":{"line":42,"column":4}},"10":{"start":{"line":44,"column":2},"end":{"line":44,"column":null}},"11":{"start":{"line":44,"column":15},"end":{"line":44,"column":null}},"12":{"start":{"line":45,"column":14},"end":{"line":45,"column":41}},"13":{"start":{"line":46,"column":2},"end":{"line":46,"column":null}},"14":{"start":{"line":46,"column":12},"end":{"line":46,"column":null}},"15":{"start":{"line":47,"column":2},"end":{"line":47,"column":null}}},"fnMap":{"0":{"name":"(anonymous_0)","decl":{"start":{"line":14,"column":34},"end":{"line":14,"column":null}},"loc":{"start":{"line":18,"column":5},"end":{"line":47,"column":null}},"line":18}},"branchMap":{"0":{"loc":{"start":{"line":20,"column":21},"end":{"line":22,"column":null}},"type":"cond-expr","locations":[{"start":{"line":21,"column":6},"end":{"line":21,"column":36}},{"start":{"line":22,"column":6},"end":{"line":22,"column":null}}],"line":20},"1":{"loc":{"start":{"line":25,"column":2},"end":{"line":28,"column":null}},"type":"if","locations":[{"start":{"line":25,"column":2},"end":{"line":28,"column":null}},{"start":{"line":27,"column":13},"end":{"line":28,"column":null}}],"line":25},"2":{"loc":{"start":{"line":27,"column":13},"end":{"line":28,"column":null}},"type":"if","locations":[{"start":{"line":27,"column":13},"end":{"line":28,"column":null}},{"start":{},"end":{}}],"line":27},"3":{"loc":{"start":{"line":27,"column":13},"end":{"line":27,"column":84}},"type":"binary-expr","locations":[{"start":{"line":27,"column":13},"end":{"line":27,"column":27}},{"start":{"line":27,"column":27},"end":{"line":27,"column":61}},{"start":{"line":27,"column":61},"end":{"line":27,"column":84}}],"line":27},"4":{"loc":{"start":{"line":31,"column":2},"end":{"line":31,"column":null}},"type":"if","locations":[{"start":{"line":31,"column":2},"end":{"line":31,"column":null}},{"start":{},"end":{}}],"line":31},"5":{"loc":{"start":{"line":44,"column":2},"end":{"line":44,"column":null}},"type":"if","locations":[{"start":{"line":44,"column":2},"end":{"line":44,"column":null}},{"start":{},"end":{}}],"line":44},"6":{"loc":{"start":{"line":46,"column":2},"end":{"line":46,"column":null}},"type":"if","locations":[{"start":{"line":46,"column":2},"end":{"line":46,"column":null}},{"start":{},"end":{}}],"line":46}},"s":{"0":1,"1":3,"2":3,"3":3,"4":0,"5":3,"6":3,"7":3,"8":0,"9":3,"10":3,"11":1,"12":2,"13":2,"14":2,"15":2},"f":{"0":3},"b":{"0":[3,0],"1":[0,3],"2":[3,0],"3":[3,3,3],"4":[0,3],"5":[1,2],"6":[0,2]},"meta":{"lastBranch":7,"lastFunction":1,"lastStatement":16,"seen":{"s:14:34:47:Infinity":0,"f:14:34:14:Infinity":0,"s:19:19:19:Infinity":1,"s:20:21:22:Infinity":2,"b:21:6:21:36:22:6:22:Infinity":0,"b:25:2:28:Infinity:27:13:28:Infinity":1,"s:25:2:28:Infinity":3,"s:26:4:26:Infinity":4,"b:27:13:28:Infinity:undefined:undefined:undefined:undefined":2,"s:27:13:28:Infinity":5,"b:27:13:27:27:27:27:27:61:27:61:27:84":3,"s:28:4:28:Infinity":6,"b:31:2:31:Infinity:undefined:undefined:undefined:undefined":4,"s:31:2:31:Infinity":7,"s:31:14:31:Infinity":8,"s:33:14:42:4":9,"b:44:2:44:Infinity:undefined:undefined:undefined:undefined":5,"s:44:2:44:Infinity":10,"s:44:15:44:Infinity":11,"s:45:14:45:41":12,"b:46:2:46:Infinity:undefined:undefined:undefined:undefined":6,"s:46:2:46:Infinity":13,"s:46:12:46:Infinity":14,"s:47:2:47:Infinity":15}}}
}
